[ 2023-01-18 15:14:31,734 ] 16 root - INFO - >>>>>>>>>>>>>>>>>>>>>>>>>>>>>>>>>>>>>>>> Data Ingestion <<<<<<<<<<<<<<<<<<<<<<<<<<<<<<<<<<<<<<<<
[ 2023-01-18 15:14:31,734 ] 23 root - INFO - Exporting collection data as pandas dataframe
[ 2023-01-18 15:14:31,734 ] 21 root - INFO - Reading data from database: aps and collection: sensor
[ 2023-01-18 15:14:42,745 ] 23 root - INFO - Found columns: Index(['_id', 'class', 'aa_000', 'ab_000', 'ac_000', 'ad_000', 'ae_000',
       'af_000', 'ag_000', 'ag_001',
       ...
       'ee_002', 'ee_003', 'ee_004', 'ee_005', 'ee_006', 'ee_007', 'ee_008',
       'ee_009', 'ef_000', 'eg_000'],
      dtype='object', length=172)
[ 2023-01-18 15:14:42,755 ] 25 root - INFO - Dropping column: _id 
[ 2023-01-18 15:14:43,024 ] 27 root - INFO - Row and columns in df: (36188, 171)
[ 2023-01-18 15:14:43,025 ] 29 root - INFO - Save data in feature store
[ 2023-01-18 15:14:43,439 ] 35 root - INFO - Create feature store folder if not available
[ 2023-01-18 15:14:43,440 ] 39 root - INFO - Save df to feature store folder
[ 2023-01-18 15:14:45,391 ] 44 root - INFO - split dataset into train and test set
[ 2023-01-18 15:14:46,158 ] 48 root - INFO - create dataset directory folder if not available
[ 2023-01-18 15:14:46,158 ] 53 root - INFO - Save df to feature store folder
[ 2023-01-18 15:14:49,042 ] 65 root - INFO - Data ingestion artifact: DataIngestionArtifact(feature_store_file_path='C:\\Users\\Shristi\\Desktop\\Data Science\\project\\aps-fault-detection\\artifact\\01182023__151431\\data_ingestion\\feature_store\\sensor.csv', train_file_path='C:\\Users\\Shristi\\Desktop\\Data Science\\project\\aps-fault-detection\\artifact\\01182023__151431\\data_ingestion\\dataset\\train.csv', test_file_path='C:\\Users\\Shristi\\Desktop\\Data Science\\project\\aps-fault-detection\\artifact\\01182023__151431\\data_ingestion\\dataset\\test.csv')
[ 2023-01-18 15:14:49,528 ] 22 root - INFO - >>>>>>>>>>>>>>>>>>>>>>>>>>>>>>>>>>>>>>>> Data Validation <<<<<<<<<<<<<<<<<<<<<<<<<<<<<<<<<<<<<<<<
[ 2023-01-18 15:14:49,528 ] 111 root - INFO - Reading base dataframe
[ 2023-01-18 15:14:53,302 ] 114 root - INFO - Replace na value in base df
[ 2023-01-18 15:14:53,302 ] 116 root - INFO - Drop null values colums from base df
[ 2023-01-18 15:14:53,592 ] 45 root - INFO - selecting column name which contains null above to 0.2
[ 2023-01-18 15:14:53,593 ] 48 root - INFO - Columns to drop: ['ab_000', 'ad_000', 'bk_000', 'bl_000', 'bm_000', 'bn_000', 'bo_000', 'bp_000', 'bq_000', 'br_000', 'cf_000', 'cg_000', 'ch_000', 'co_000', 'cr_000', 'ct_000', 'cu_000', 'cv_000', 'cx_000', 'cy_000', 'cz_000', 'da_000', 'db_000', 'dc_000']
[ 2023-01-18 15:14:53,679 ] 119 root - INFO - Reading train dataframe
[ 2023-01-18 15:14:54,199 ] 121 root - INFO - Reading test dataframe
[ 2023-01-18 15:14:54,342 ] 124 root - INFO - Drop null values colums from train df
[ 2023-01-18 15:14:54,360 ] 45 root - INFO - selecting column name which contains null above to 0.2
[ 2023-01-18 15:14:54,360 ] 48 root - INFO - Columns to drop: ['ab_000', 'ad_000', 'bk_000', 'bl_000', 'bm_000', 'bn_000', 'bo_000', 'bp_000', 'bq_000', 'br_000', 'cf_000', 'cg_000', 'ch_000', 'co_000', 'cr_000', 'ct_000', 'cu_000', 'cv_000', 'cx_000', 'cy_000', 'cz_000', 'da_000', 'db_000', 'dc_000']
[ 2023-01-18 15:14:54,375 ] 126 root - INFO - Drop null values colums from test df
[ 2023-01-18 15:14:54,379 ] 45 root - INFO - selecting column name which contains null above to 0.2
[ 2023-01-18 15:14:54,379 ] 48 root - INFO - Columns to drop: ['ab_000', 'ad_000', 'bk_000', 'bl_000', 'bm_000', 'bn_000', 'bo_000', 'bp_000', 'bq_000', 'br_000', 'cf_000', 'cg_000', 'ch_000', 'co_000', 'cr_000', 'ct_000', 'cu_000', 'cv_000', 'cx_000', 'cy_000', 'cz_000', 'da_000', 'db_000', 'dc_000']
[ 2023-01-18 15:15:02,618 ] 135 root - INFO - Is all required columns present in train df
[ 2023-01-18 15:15:02,618 ] 137 root - INFO - Is all required columns present in test df
[ 2023-01-18 15:15:02,618 ] 141 root - INFO - As all column are available in train df hence detecting data drift
[ 2023-01-18 15:15:02,619 ] 89 root - INFO - Hypothesis class: object, object 
[ 2023-01-18 15:15:02,943 ] 89 root - INFO - Hypothesis aa_000: float64, float64 
[ 2023-01-18 15:15:02,968 ] 89 root - INFO - Hypothesis ac_000: float64, float64 
[ 2023-01-18 15:15:03,078 ] 89 root - INFO - Hypothesis ae_000: float64, float64 
[ 2023-01-18 15:15:03,176 ] 89 root - INFO - Hypothesis af_000: float64, float64 
[ 2023-01-18 15:15:03,271 ] 89 root - INFO - Hypothesis ag_000: float64, float64 
[ 2023-01-18 15:15:03,356 ] 89 root - INFO - Hypothesis ag_001: float64, float64 
[ 2023-01-18 15:15:03,446 ] 89 root - INFO - Hypothesis ag_002: float64, float64 
[ 2023-01-18 15:15:03,531 ] 89 root - INFO - Hypothesis ag_003: float64, float64 
[ 2023-01-18 15:15:03,549 ] 89 root - INFO - Hypothesis ag_004: float64, float64 
[ 2023-01-18 15:15:03,572 ] 89 root - INFO - Hypothesis ag_005: float64, float64 
[ 2023-01-18 15:15:03,595 ] 89 root - INFO - Hypothesis ag_006: float64, float64 
[ 2023-01-18 15:15:03,618 ] 89 root - INFO - Hypothesis ag_007: float64, float64 
[ 2023-01-18 15:15:03,640 ] 89 root - INFO - Hypothesis ag_008: float64, float64 
[ 2023-01-18 15:15:03,661 ] 89 root - INFO - Hypothesis ag_009: float64, float64 
[ 2023-01-18 15:15:03,684 ] 89 root - INFO - Hypothesis ah_000: float64, float64 
[ 2023-01-18 15:15:03,705 ] 89 root - INFO - Hypothesis ai_000: float64, float64 
[ 2023-01-18 15:15:03,798 ] 89 root - INFO - Hypothesis aj_000: float64, float64 
[ 2023-01-18 15:15:03,819 ] 89 root - INFO - Hypothesis ak_000: float64, float64 
[ 2023-01-18 15:15:03,908 ] 89 root - INFO - Hypothesis al_000: float64, float64 
[ 2023-01-18 15:15:03,933 ] 89 root - INFO - Hypothesis am_0: float64, float64 
[ 2023-01-18 15:15:03,953 ] 89 root - INFO - Hypothesis an_000: float64, float64 
[ 2023-01-18 15:15:03,976 ] 89 root - INFO - Hypothesis ao_000: float64, float64 
[ 2023-01-18 15:15:04,000 ] 89 root - INFO - Hypothesis ap_000: float64, float64 
[ 2023-01-18 15:15:04,026 ] 89 root - INFO - Hypothesis aq_000: float64, float64 
[ 2023-01-18 15:15:04,049 ] 89 root - INFO - Hypothesis ar_000: float64, float64 
[ 2023-01-18 15:15:04,138 ] 89 root - INFO - Hypothesis as_000: float64, float64 
[ 2023-01-18 15:15:04,233 ] 89 root - INFO - Hypothesis at_000: float64, float64 
[ 2023-01-18 15:15:04,391 ] 89 root - INFO - Hypothesis au_000: float64, float64 
[ 2023-01-18 15:15:04,496 ] 89 root - INFO - Hypothesis av_000: float64, float64 
[ 2023-01-18 15:15:04,525 ] 89 root - INFO - Hypothesis ax_000: float64, float64 
[ 2023-01-18 15:15:04,556 ] 89 root - INFO - Hypothesis ay_000: float64, float64 
[ 2023-01-18 15:15:04,634 ] 89 root - INFO - Hypothesis ay_001: float64, float64 
[ 2023-01-18 15:15:04,672 ] 89 root - INFO - Hypothesis ay_002: float64, float64 
[ 2023-01-18 15:15:04,710 ] 89 root - INFO - Hypothesis ay_003: float64, float64 
[ 2023-01-18 15:15:04,748 ] 89 root - INFO - Hypothesis ay_004: float64, float64 
[ 2023-01-18 15:15:04,788 ] 89 root - INFO - Hypothesis ay_005: float64, float64 
[ 2023-01-18 15:15:04,826 ] 89 root - INFO - Hypothesis ay_006: float64, float64 
[ 2023-01-18 15:15:04,836 ] 89 root - INFO - Hypothesis ay_007: float64, float64 
[ 2023-01-18 15:15:04,845 ] 89 root - INFO - Hypothesis ay_008: float64, float64 
[ 2023-01-18 15:15:04,855 ] 89 root - INFO - Hypothesis ay_009: float64, float64 
[ 2023-01-18 15:15:04,895 ] 89 root - INFO - Hypothesis az_000: float64, float64 
[ 2023-01-18 15:15:04,907 ] 89 root - INFO - Hypothesis az_001: float64, float64 
[ 2023-01-18 15:15:04,918 ] 89 root - INFO - Hypothesis az_002: float64, float64 
[ 2023-01-18 15:15:04,928 ] 89 root - INFO - Hypothesis az_003: float64, float64 
[ 2023-01-18 15:15:04,939 ] 89 root - INFO - Hypothesis az_004: float64, float64 
[ 2023-01-18 15:15:04,950 ] 89 root - INFO - Hypothesis az_005: float64, float64 
[ 2023-01-18 15:15:04,960 ] 89 root - INFO - Hypothesis az_006: float64, float64 
[ 2023-01-18 15:15:05,002 ] 89 root - INFO - Hypothesis az_007: float64, float64 
[ 2023-01-18 15:15:05,050 ] 89 root - INFO - Hypothesis az_008: float64, float64 
[ 2023-01-18 15:15:05,099 ] 89 root - INFO - Hypothesis az_009: float64, float64 
[ 2023-01-18 15:15:05,150 ] 89 root - INFO - Hypothesis ba_000: float64, float64 
[ 2023-01-18 15:15:05,161 ] 89 root - INFO - Hypothesis ba_001: float64, float64 
[ 2023-01-18 15:15:05,175 ] 89 root - INFO - Hypothesis ba_002: float64, float64 
[ 2023-01-18 15:15:05,189 ] 89 root - INFO - Hypothesis ba_003: float64, float64 
[ 2023-01-18 15:15:05,199 ] 89 root - INFO - Hypothesis ba_004: float64, float64 
[ 2023-01-18 15:15:05,209 ] 89 root - INFO - Hypothesis ba_005: float64, float64 
[ 2023-01-18 15:15:05,221 ] 89 root - INFO - Hypothesis ba_006: float64, float64 
[ 2023-01-18 15:15:05,231 ] 89 root - INFO - Hypothesis ba_007: float64, float64 
[ 2023-01-18 15:15:05,242 ] 89 root - INFO - Hypothesis ba_008: float64, float64 
[ 2023-01-18 15:15:05,282 ] 89 root - INFO - Hypothesis ba_009: float64, float64 
[ 2023-01-18 15:15:05,321 ] 89 root - INFO - Hypothesis bb_000: float64, float64 
[ 2023-01-18 15:15:05,331 ] 89 root - INFO - Hypothesis bc_000: float64, float64 
[ 2023-01-18 15:15:05,381 ] 89 root - INFO - Hypothesis bd_000: float64, float64 
[ 2023-01-18 15:15:05,391 ] 89 root - INFO - Hypothesis be_000: float64, float64 
[ 2023-01-18 15:15:05,403 ] 89 root - INFO - Hypothesis bf_000: float64, float64 
[ 2023-01-18 15:15:05,415 ] 89 root - INFO - Hypothesis bg_000: float64, float64 
[ 2023-01-18 15:15:05,427 ] 89 root - INFO - Hypothesis bh_000: float64, float64 
[ 2023-01-18 15:15:05,440 ] 89 root - INFO - Hypothesis bi_000: float64, float64 
[ 2023-01-18 15:15:05,453 ] 89 root - INFO - Hypothesis bj_000: float64, float64 
[ 2023-01-18 15:15:05,462 ] 89 root - INFO - Hypothesis bs_000: float64, float64 
[ 2023-01-18 15:15:05,474 ] 89 root - INFO - Hypothesis bt_000: float64, float64 
[ 2023-01-18 15:15:05,486 ] 89 root - INFO - Hypothesis bu_000: float64, float64 
[ 2023-01-18 15:15:05,496 ] 89 root - INFO - Hypothesis bv_000: float64, float64 
[ 2023-01-18 15:15:05,506 ] 89 root - INFO - Hypothesis bx_000: float64, float64 
[ 2023-01-18 15:15:05,517 ] 89 root - INFO - Hypothesis by_000: float64, float64 
[ 2023-01-18 15:15:05,528 ] 89 root - INFO - Hypothesis bz_000: float64, float64 
[ 2023-01-18 15:15:05,539 ] 89 root - INFO - Hypothesis ca_000: float64, float64 
[ 2023-01-18 15:15:05,551 ] 89 root - INFO - Hypothesis cb_000: float64, float64 
[ 2023-01-18 15:15:05,563 ] 89 root - INFO - Hypothesis cc_000: float64, float64 
[ 2023-01-18 15:15:05,572 ] 89 root - INFO - Hypothesis cd_000: float64, float64 
[ 2023-01-18 15:15:05,609 ] 89 root - INFO - Hypothesis ce_000: float64, float64 
[ 2023-01-18 15:15:05,622 ] 89 root - INFO - Hypothesis ci_000: float64, float64 
[ 2023-01-18 15:15:05,641 ] 89 root - INFO - Hypothesis cj_000: float64, float64 
[ 2023-01-18 15:15:05,739 ] 89 root - INFO - Hypothesis ck_000: float64, float64 
[ 2023-01-18 15:15:05,763 ] 89 root - INFO - Hypothesis cl_000: float64, float64 
[ 2023-01-18 15:15:05,785 ] 89 root - INFO - Hypothesis cm_000: float64, float64 
[ 2023-01-18 15:15:05,807 ] 89 root - INFO - Hypothesis cn_000: float64, float64 
[ 2023-01-18 15:15:05,903 ] 89 root - INFO - Hypothesis cn_001: float64, float64 
[ 2023-01-18 15:15:05,999 ] 89 root - INFO - Hypothesis cn_002: float64, float64 
[ 2023-01-18 15:15:06,023 ] 89 root - INFO - Hypothesis cn_003: float64, float64 
[ 2023-01-18 15:15:06,045 ] 89 root - INFO - Hypothesis cn_004: float64, float64 
[ 2023-01-18 15:15:06,068 ] 89 root - INFO - Hypothesis cn_005: float64, float64 
[ 2023-01-18 15:15:06,095 ] 89 root - INFO - Hypothesis cn_006: float64, float64 
[ 2023-01-18 15:15:06,118 ] 89 root - INFO - Hypothesis cn_007: float64, float64 
[ 2023-01-18 15:15:06,142 ] 89 root - INFO - Hypothesis cn_008: float64, float64 
[ 2023-01-18 15:15:06,166 ] 89 root - INFO - Hypothesis cn_009: float64, float64 
[ 2023-01-18 15:15:06,251 ] 89 root - INFO - Hypothesis cp_000: float64, float64 
[ 2023-01-18 15:15:06,345 ] 89 root - INFO - Hypothesis cq_000: float64, float64 
[ 2023-01-18 15:15:06,370 ] 89 root - INFO - Hypothesis cs_000: float64, float64 
[ 2023-01-18 15:15:06,395 ] 89 root - INFO - Hypothesis cs_001: float64, float64 
[ 2023-01-18 15:15:06,418 ] 89 root - INFO - Hypothesis cs_002: float64, float64 
[ 2023-01-18 15:15:06,440 ] 89 root - INFO - Hypothesis cs_003: float64, float64 
[ 2023-01-18 15:15:06,462 ] 89 root - INFO - Hypothesis cs_004: float64, float64 
[ 2023-01-18 15:15:06,487 ] 89 root - INFO - Hypothesis cs_005: float64, float64 
[ 2023-01-18 15:15:06,510 ] 89 root - INFO - Hypothesis cs_006: float64, float64 
[ 2023-01-18 15:15:06,536 ] 89 root - INFO - Hypothesis cs_007: float64, float64 
[ 2023-01-18 15:15:06,561 ] 89 root - INFO - Hypothesis cs_008: float64, float64 
[ 2023-01-18 15:15:06,668 ] 89 root - INFO - Hypothesis cs_009: float64, float64 
[ 2023-01-18 15:15:06,760 ] 89 root - INFO - Hypothesis dd_000: float64, float64 
[ 2023-01-18 15:15:06,786 ] 89 root - INFO - Hypothesis de_000: float64, float64 
[ 2023-01-18 15:15:06,810 ] 89 root - INFO - Hypothesis df_000: float64, float64 
[ 2023-01-18 15:15:06,890 ] 89 root - INFO - Hypothesis dg_000: float64, float64 
[ 2023-01-18 15:15:07,004 ] 89 root - INFO - Hypothesis dh_000: float64, float64 
[ 2023-01-18 15:15:07,024 ] 89 root - INFO - Hypothesis di_000: float64, float64 
[ 2023-01-18 15:15:07,132 ] 89 root - INFO - Hypothesis dj_000: float64, float64 
[ 2023-01-18 15:15:07,220 ] 89 root - INFO - Hypothesis dk_000: float64, float64 
[ 2023-01-18 15:15:07,320 ] 89 root - INFO - Hypothesis dl_000: float64, float64 
[ 2023-01-18 15:15:07,412 ] 89 root - INFO - Hypothesis dm_000: float64, float64 
[ 2023-01-18 15:15:07,508 ] 89 root - INFO - Hypothesis dn_000: float64, float64 
[ 2023-01-18 15:15:07,534 ] 89 root - INFO - Hypothesis do_000: float64, float64 
[ 2023-01-18 15:15:07,558 ] 89 root - INFO - Hypothesis dp_000: float64, float64 
[ 2023-01-18 15:15:07,581 ] 89 root - INFO - Hypothesis dq_000: float64, float64 
[ 2023-01-18 15:15:07,674 ] 89 root - INFO - Hypothesis dr_000: float64, float64 
[ 2023-01-18 15:15:07,767 ] 89 root - INFO - Hypothesis ds_000: float64, float64 
[ 2023-01-18 15:15:07,791 ] 89 root - INFO - Hypothesis dt_000: float64, float64 
[ 2023-01-18 15:15:07,816 ] 89 root - INFO - Hypothesis du_000: float64, float64 
[ 2023-01-18 15:15:07,840 ] 89 root - INFO - Hypothesis dv_000: float64, float64 
[ 2023-01-18 15:15:07,863 ] 89 root - INFO - Hypothesis dx_000: float64, float64 
[ 2023-01-18 15:15:07,962 ] 89 root - INFO - Hypothesis dy_000: float64, float64 
[ 2023-01-18 15:15:08,070 ] 89 root - INFO - Hypothesis dz_000: float64, float64 
[ 2023-01-18 15:15:08,156 ] 89 root - INFO - Hypothesis ea_000: float64, float64 
[ 2023-01-18 15:15:08,239 ] 89 root - INFO - Hypothesis eb_000: float64, float64 
[ 2023-01-18 15:15:08,260 ] 89 root - INFO - Hypothesis ec_00: float64, float64 
[ 2023-01-18 15:15:08,283 ] 89 root - INFO - Hypothesis ed_000: float64, float64 
[ 2023-01-18 15:15:08,305 ] 89 root - INFO - Hypothesis ee_000: float64, float64 
[ 2023-01-18 15:15:08,328 ] 89 root - INFO - Hypothesis ee_001: float64, float64 
[ 2023-01-18 15:15:08,353 ] 89 root - INFO - Hypothesis ee_002: float64, float64 
[ 2023-01-18 15:15:08,380 ] 89 root - INFO - Hypothesis ee_003: float64, float64 
[ 2023-01-18 15:15:08,404 ] 89 root - INFO - Hypothesis ee_004: float64, float64 
[ 2023-01-18 15:15:08,428 ] 89 root - INFO - Hypothesis ee_005: float64, float64 
[ 2023-01-18 15:15:08,451 ] 89 root - INFO - Hypothesis ee_006: float64, float64 
[ 2023-01-18 15:15:08,474 ] 89 root - INFO - Hypothesis ee_007: float64, float64 
[ 2023-01-18 15:15:08,496 ] 89 root - INFO - Hypothesis ee_008: float64, float64 
[ 2023-01-18 15:15:08,520 ] 89 root - INFO - Hypothesis ee_009: float64, float64 
[ 2023-01-18 15:15:08,541 ] 89 root - INFO - Hypothesis ef_000: float64, float64 
[ 2023-01-18 15:15:08,629 ] 89 root - INFO - Hypothesis eg_000: float64, float64 
[ 2023-01-18 15:15:08,717 ] 144 root - INFO - As all column are available in test df hence detecting data drift
[ 2023-01-18 15:15:08,718 ] 89 root - INFO - Hypothesis class: object, object 
[ 2023-01-18 15:15:08,859 ] 89 root - INFO - Hypothesis aa_000: float64, float64 
[ 2023-01-18 15:15:08,872 ] 89 root - INFO - Hypothesis ac_000: float64, float64 
[ 2023-01-18 15:15:08,886 ] 89 root - INFO - Hypothesis ae_000: float64, float64 
[ 2023-01-18 15:15:08,925 ] 89 root - INFO - Hypothesis af_000: float64, float64 
[ 2023-01-18 15:15:08,961 ] 89 root - INFO - Hypothesis ag_000: float64, float64 
[ 2023-01-18 15:15:08,997 ] 89 root - INFO - Hypothesis ag_001: float64, float64 
[ 2023-01-18 15:15:09,038 ] 89 root - INFO - Hypothesis ag_002: float64, float64 
[ 2023-01-18 15:15:09,049 ] 89 root - INFO - Hypothesis ag_003: float64, float64 
[ 2023-01-18 15:15:09,061 ] 89 root - INFO - Hypothesis ag_004: float64, float64 
[ 2023-01-18 15:15:09,075 ] 89 root - INFO - Hypothesis ag_005: float64, float64 
[ 2023-01-18 15:15:09,089 ] 89 root - INFO - Hypothesis ag_006: float64, float64 
[ 2023-01-18 15:15:09,103 ] 89 root - INFO - Hypothesis ag_007: float64, float64 
[ 2023-01-18 15:15:09,117 ] 89 root - INFO - Hypothesis ag_008: float64, float64 
[ 2023-01-18 15:15:09,131 ] 89 root - INFO - Hypothesis ag_009: float64, float64 
[ 2023-01-18 15:15:09,143 ] 89 root - INFO - Hypothesis ah_000: float64, float64 
[ 2023-01-18 15:15:09,157 ] 89 root - INFO - Hypothesis ai_000: float64, float64 
[ 2023-01-18 15:15:09,168 ] 89 root - INFO - Hypothesis aj_000: float64, float64 
[ 2023-01-18 15:15:09,182 ] 89 root - INFO - Hypothesis ak_000: float64, float64 
[ 2023-01-18 15:15:09,194 ] 89 root - INFO - Hypothesis al_000: float64, float64 
[ 2023-01-18 15:15:09,211 ] 89 root - INFO - Hypothesis am_0: float64, float64 
[ 2023-01-18 15:15:09,230 ] 89 root - INFO - Hypothesis an_000: float64, float64 
[ 2023-01-18 15:15:09,245 ] 89 root - INFO - Hypothesis ao_000: float64, float64 
[ 2023-01-18 15:15:09,261 ] 89 root - INFO - Hypothesis ap_000: float64, float64 
[ 2023-01-18 15:15:09,276 ] 89 root - INFO - Hypothesis aq_000: float64, float64 
[ 2023-01-18 15:15:09,292 ] 89 root - INFO - Hypothesis ar_000: float64, float64 
[ 2023-01-18 15:15:09,331 ] 89 root - INFO - Hypothesis as_000: float64, float64 
[ 2023-01-18 15:15:09,374 ] 89 root - INFO - Hypothesis at_000: float64, float64 
[ 2023-01-18 15:15:09,414 ] 89 root - INFO - Hypothesis au_000: float64, float64 
[ 2023-01-18 15:15:09,465 ] 89 root - INFO - Hypothesis av_000: float64, float64 
[ 2023-01-18 15:15:09,486 ] 89 root - INFO - Hypothesis ax_000: float64, float64 
[ 2023-01-18 15:15:09,507 ] 89 root - INFO - Hypothesis ay_000: float64, float64 
[ 2023-01-18 15:15:09,544 ] 89 root - INFO - Hypothesis ay_001: float64, float64 
[ 2023-01-18 15:15:09,594 ] 89 root - INFO - Hypothesis ay_002: float64, float64 
[ 2023-01-18 15:15:09,641 ] 89 root - INFO - Hypothesis ay_003: float64, float64 
[ 2023-01-18 15:15:09,681 ] 89 root - INFO - Hypothesis ay_004: float64, float64 
[ 2023-01-18 15:15:09,710 ] 89 root - INFO - Hypothesis ay_005: float64, float64 
[ 2023-01-18 15:15:09,720 ] 89 root - INFO - Hypothesis ay_006: float64, float64 
[ 2023-01-18 15:15:09,731 ] 89 root - INFO - Hypothesis ay_007: float64, float64 
[ 2023-01-18 15:15:09,743 ] 89 root - INFO - Hypothesis ay_008: float64, float64 
[ 2023-01-18 15:15:09,751 ] 89 root - INFO - Hypothesis ay_009: float64, float64 
[ 2023-01-18 15:15:09,773 ] 89 root - INFO - Hypothesis az_000: float64, float64 
[ 2023-01-18 15:15:09,783 ] 89 root - INFO - Hypothesis az_001: float64, float64 
[ 2023-01-18 15:15:09,792 ] 89 root - INFO - Hypothesis az_002: float64, float64 
[ 2023-01-18 15:15:09,803 ] 89 root - INFO - Hypothesis az_003: float64, float64 
[ 2023-01-18 15:15:09,813 ] 89 root - INFO - Hypothesis az_004: float64, float64 
[ 2023-01-18 15:15:09,823 ] 89 root - INFO - Hypothesis az_005: float64, float64 
[ 2023-01-18 15:15:09,830 ] 89 root - INFO - Hypothesis az_006: float64, float64 
[ 2023-01-18 15:15:09,838 ] 89 root - INFO - Hypothesis az_007: float64, float64 
[ 2023-01-18 15:15:09,843 ] 89 root - INFO - Hypothesis az_008: float64, float64 
[ 2023-01-18 15:15:09,864 ] 89 root - INFO - Hypothesis az_009: float64, float64 
[ 2023-01-18 15:15:09,889 ] 89 root - INFO - Hypothesis ba_000: float64, float64 
[ 2023-01-18 15:15:09,895 ] 89 root - INFO - Hypothesis ba_001: float64, float64 
[ 2023-01-18 15:15:09,904 ] 89 root - INFO - Hypothesis ba_002: float64, float64 
[ 2023-01-18 15:15:09,911 ] 89 root - INFO - Hypothesis ba_003: float64, float64 
[ 2023-01-18 15:15:09,919 ] 89 root - INFO - Hypothesis ba_004: float64, float64 
[ 2023-01-18 15:15:09,926 ] 89 root - INFO - Hypothesis ba_005: float64, float64 
[ 2023-01-18 15:15:09,934 ] 89 root - INFO - Hypothesis ba_006: float64, float64 
[ 2023-01-18 15:15:09,941 ] 89 root - INFO - Hypothesis ba_007: float64, float64 
[ 2023-01-18 15:15:09,948 ] 89 root - INFO - Hypothesis ba_008: float64, float64 
[ 2023-01-18 15:15:09,955 ] 89 root - INFO - Hypothesis ba_009: float64, float64 
[ 2023-01-18 15:15:09,960 ] 89 root - INFO - Hypothesis bb_000: float64, float64 
[ 2023-01-18 15:15:09,969 ] 89 root - INFO - Hypothesis bc_000: float64, float64 
[ 2023-01-18 15:15:09,975 ] 89 root - INFO - Hypothesis bd_000: float64, float64 
[ 2023-01-18 15:15:09,984 ] 89 root - INFO - Hypothesis be_000: float64, float64 
[ 2023-01-18 15:15:09,991 ] 89 root - INFO - Hypothesis bf_000: float64, float64 
[ 2023-01-18 15:15:09,998 ] 89 root - INFO - Hypothesis bg_000: float64, float64 
[ 2023-01-18 15:15:10,007 ] 89 root - INFO - Hypothesis bh_000: float64, float64 
[ 2023-01-18 15:15:10,014 ] 89 root - INFO - Hypothesis bi_000: float64, float64 
[ 2023-01-18 15:15:10,022 ] 89 root - INFO - Hypothesis bj_000: float64, float64 
[ 2023-01-18 15:15:10,028 ] 89 root - INFO - Hypothesis bs_000: float64, float64 
[ 2023-01-18 15:15:10,037 ] 89 root - INFO - Hypothesis bt_000: float64, float64 
[ 2023-01-18 15:15:10,044 ] 89 root - INFO - Hypothesis bu_000: float64, float64 
[ 2023-01-18 15:15:10,054 ] 89 root - INFO - Hypothesis bv_000: float64, float64 
[ 2023-01-18 15:15:10,061 ] 89 root - INFO - Hypothesis bx_000: float64, float64 
[ 2023-01-18 15:15:10,070 ] 89 root - INFO - Hypothesis by_000: float64, float64 
[ 2023-01-18 15:15:10,077 ] 89 root - INFO - Hypothesis bz_000: float64, float64 
[ 2023-01-18 15:15:10,085 ] 89 root - INFO - Hypothesis ca_000: float64, float64 
[ 2023-01-18 15:15:10,093 ] 89 root - INFO - Hypothesis cb_000: float64, float64 
[ 2023-01-18 15:15:10,102 ] 89 root - INFO - Hypothesis cc_000: float64, float64 
[ 2023-01-18 15:15:10,111 ] 89 root - INFO - Hypothesis cd_000: float64, float64 
[ 2023-01-18 15:15:10,129 ] 89 root - INFO - Hypothesis ce_000: float64, float64 
[ 2023-01-18 15:15:10,137 ] 89 root - INFO - Hypothesis ci_000: float64, float64 
[ 2023-01-18 15:15:10,143 ] 89 root - INFO - Hypothesis cj_000: float64, float64 
[ 2023-01-18 15:15:10,149 ] 89 root - INFO - Hypothesis ck_000: float64, float64 
[ 2023-01-18 15:15:10,156 ] 89 root - INFO - Hypothesis cl_000: float64, float64 
[ 2023-01-18 15:15:10,162 ] 89 root - INFO - Hypothesis cm_000: float64, float64 
[ 2023-01-18 15:15:10,169 ] 89 root - INFO - Hypothesis cn_000: float64, float64 
[ 2023-01-18 15:15:10,187 ] 89 root - INFO - Hypothesis cn_001: float64, float64 
[ 2023-01-18 15:15:10,193 ] 89 root - INFO - Hypothesis cn_002: float64, float64 
[ 2023-01-18 15:15:10,199 ] 89 root - INFO - Hypothesis cn_003: float64, float64 
[ 2023-01-18 15:15:10,205 ] 89 root - INFO - Hypothesis cn_004: float64, float64 
[ 2023-01-18 15:15:10,211 ] 89 root - INFO - Hypothesis cn_005: float64, float64 
[ 2023-01-18 15:15:10,220 ] 89 root - INFO - Hypothesis cn_006: float64, float64 
[ 2023-01-18 15:15:10,228 ] 89 root - INFO - Hypothesis cn_007: float64, float64 
[ 2023-01-18 15:15:10,235 ] 89 root - INFO - Hypothesis cn_008: float64, float64 
[ 2023-01-18 15:15:10,242 ] 89 root - INFO - Hypothesis cn_009: float64, float64 
[ 2023-01-18 15:15:10,249 ] 89 root - INFO - Hypothesis cp_000: float64, float64 
[ 2023-01-18 15:15:10,255 ] 89 root - INFO - Hypothesis cq_000: float64, float64 
[ 2023-01-18 15:15:10,262 ] 89 root - INFO - Hypothesis cs_000: float64, float64 
[ 2023-01-18 15:15:10,269 ] 89 root - INFO - Hypothesis cs_001: float64, float64 
[ 2023-01-18 15:15:10,276 ] 89 root - INFO - Hypothesis cs_002: float64, float64 
[ 2023-01-18 15:15:10,283 ] 89 root - INFO - Hypothesis cs_003: float64, float64 
[ 2023-01-18 15:15:10,292 ] 89 root - INFO - Hypothesis cs_004: float64, float64 
[ 2023-01-18 15:15:10,301 ] 89 root - INFO - Hypothesis cs_005: float64, float64 
[ 2023-01-18 15:15:10,310 ] 89 root - INFO - Hypothesis cs_006: float64, float64 
[ 2023-01-18 15:15:10,318 ] 89 root - INFO - Hypothesis cs_007: float64, float64 
[ 2023-01-18 15:15:10,325 ] 89 root - INFO - Hypothesis cs_008: float64, float64 
[ 2023-01-18 15:15:10,333 ] 89 root - INFO - Hypothesis cs_009: float64, float64 
[ 2023-01-18 15:15:10,353 ] 89 root - INFO - Hypothesis dd_000: float64, float64 
[ 2023-01-18 15:15:10,362 ] 89 root - INFO - Hypothesis de_000: float64, float64 
[ 2023-01-18 15:15:10,371 ] 89 root - INFO - Hypothesis df_000: float64, float64 
[ 2023-01-18 15:15:10,379 ] 89 root - INFO - Hypothesis dg_000: float64, float64 
[ 2023-01-18 15:15:10,387 ] 89 root - INFO - Hypothesis dh_000: float64, float64 
[ 2023-01-18 15:15:10,392 ] 89 root - INFO - Hypothesis di_000: float64, float64 
[ 2023-01-18 15:15:10,400 ] 89 root - INFO - Hypothesis dj_000: float64, float64 
[ 2023-01-18 15:15:10,461 ] 89 root - INFO - Hypothesis dk_000: float64, float64 
[ 2023-01-18 15:15:10,471 ] 89 root - INFO - Hypothesis dl_000: float64, float64 
[ 2023-01-18 15:15:10,500 ] 89 root - INFO - Hypothesis dm_000: float64, float64 
[ 2023-01-18 15:15:10,519 ] 89 root - INFO - Hypothesis dn_000: float64, float64 
[ 2023-01-18 15:15:10,528 ] 89 root - INFO - Hypothesis do_000: float64, float64 
[ 2023-01-18 15:15:10,537 ] 89 root - INFO - Hypothesis dp_000: float64, float64 
[ 2023-01-18 15:15:10,544 ] 89 root - INFO - Hypothesis dq_000: float64, float64 
[ 2023-01-18 15:15:10,551 ] 89 root - INFO - Hypothesis dr_000: float64, float64 
[ 2023-01-18 15:15:10,557 ] 89 root - INFO - Hypothesis ds_000: float64, float64 
[ 2023-01-18 15:15:10,565 ] 89 root - INFO - Hypothesis dt_000: float64, float64 
[ 2023-01-18 15:15:10,572 ] 89 root - INFO - Hypothesis du_000: float64, float64 
[ 2023-01-18 15:15:10,578 ] 89 root - INFO - Hypothesis dv_000: float64, float64 
[ 2023-01-18 15:15:10,584 ] 89 root - INFO - Hypothesis dx_000: float64, float64 
[ 2023-01-18 15:15:10,590 ] 89 root - INFO - Hypothesis dy_000: float64, float64 
[ 2023-01-18 15:15:10,596 ] 89 root - INFO - Hypothesis dz_000: float64, float64 
[ 2023-01-18 15:15:10,616 ] 89 root - INFO - Hypothesis ea_000: float64, float64 
[ 2023-01-18 15:15:10,632 ] 89 root - INFO - Hypothesis eb_000: float64, float64 
[ 2023-01-18 15:15:10,640 ] 89 root - INFO - Hypothesis ec_00: float64, float64 
[ 2023-01-18 15:15:10,648 ] 89 root - INFO - Hypothesis ed_000: float64, float64 
[ 2023-01-18 15:15:10,655 ] 89 root - INFO - Hypothesis ee_000: float64, float64 
[ 2023-01-18 15:15:10,662 ] 89 root - INFO - Hypothesis ee_001: float64, float64 
[ 2023-01-18 15:15:10,670 ] 89 root - INFO - Hypothesis ee_002: float64, float64 
[ 2023-01-18 15:15:10,679 ] 89 root - INFO - Hypothesis ee_003: float64, float64 
[ 2023-01-18 15:15:10,689 ] 89 root - INFO - Hypothesis ee_004: float64, float64 
[ 2023-01-18 15:15:10,695 ] 89 root - INFO - Hypothesis ee_005: float64, float64 
[ 2023-01-18 15:15:10,703 ] 89 root - INFO - Hypothesis ee_006: float64, float64 
[ 2023-01-18 15:15:10,709 ] 89 root - INFO - Hypothesis ee_007: float64, float64 
[ 2023-01-18 15:15:10,717 ] 89 root - INFO - Hypothesis ee_008: float64, float64 
[ 2023-01-18 15:15:10,723 ] 89 root - INFO - Hypothesis ee_009: float64, float64 
[ 2023-01-18 15:15:10,731 ] 89 root - INFO - Hypothesis ef_000: float64, float64 
[ 2023-01-18 15:15:10,749 ] 89 root - INFO - Hypothesis eg_000: float64, float64 
[ 2023-01-18 15:15:10,769 ] 148 root - INFO - Write reprt in yaml file
[ 2023-01-18 15:15:10,835 ] 153 root - INFO - Data validation artifact: DataValidationArtifact(report_file_path='C:\\Users\\Shristi\\Desktop\\Data Science\\project\\aps-fault-detection\\artifact\\01182023__151431\\data_validation\\report.yaml')
[ 2023-01-18 15:15:10,842 ] 24 root - INFO - >>>>>>>>>>>>>>>>>>>>>>>>>>>>>>>>>>>>>>>> Data Transformation <<<<<<<<<<<<<<<<<<<<<<<<<<<<<<<<<<<<<<<<
[ 2023-01-18 15:15:12,583 ] 75 root - INFO - Before resampling in training set Input: (28950, 170) Target:(28950,)
[ 2023-01-18 15:16:59,094 ] 77 root - INFO - After resampling in training set Input: (56152, 170) Target:(56152,)
[ 2023-01-18 15:16:59,094 ] 79 root - INFO - Before resampling in testing set Input: (7238, 170) Target:(7238,)
[ 2023-01-18 15:17:03,548 ] 81 root - INFO - After resampling in testing set Input: (14072, 170) Target:(14072,)
[ 2023-01-18 15:17:03,720 ] 54 root - INFO - Entered the save_object method of utils
[ 2023-01-18 15:17:03,726 ] 58 root - INFO - Exited the save_object method of utils
[ 2023-01-18 15:17:03,726 ] 54 root - INFO - Entered the save_object method of utils
[ 2023-01-18 15:17:03,729 ] 58 root - INFO - Exited the save_object method of utils
[ 2023-01-18 15:17:03,729 ] 112 root - INFO - Data transformation object DataTransformationArtifact(transform_object_path='C:\\Users\\Shristi\\Desktop\\Data Science\\project\\aps-fault-detection\\artifact\\01182023__151431\\data_transformation\\transformer\\transformer.pkl', transformed_train_path='C:\\Users\\Shristi\\Desktop\\Data Science\\project\\aps-fault-detection\\artifact\\01182023__151431\\data_transformation\\transformed\\train.npz', transformed_test_path='C:\\Users\\Shristi\\Desktop\\Data Science\\project\\aps-fault-detection\\artifact\\01182023__151431\\data_transformation\\transformed\\test.npz', target_encoder_path='C:\\Users\\Shristi\\Desktop\\Data Science\\project\\aps-fault-detection\\artifact\\01182023__151431\\data_transformation\\target_encoder\\target_encoder.pkl')
[ 2023-01-18 15:17:03,762 ] 18 root - INFO - >>>>>>>>>>>>>>>>>>>>>>>>>>>>>>>>>>>>>>>> Model Trainer <<<<<<<<<<<<<<<<<<<<<<<<<<<<<<<<<<<<<<<<
[ 2023-01-18 15:17:03,762 ] 45 root - INFO - Loading train and test array.
[ 2023-01-18 15:17:03,858 ] 49 root - INFO - Splitting input and target feature from both train and test arr.
[ 2023-01-18 15:17:03,859 ] 53 root - INFO - Train the model
[ 2023-01-18 15:18:07,667 ] 56 root - INFO - Calculating f1 train score
[ 2023-01-18 15:18:07,997 ] 60 root - INFO - Calculating f1 test score
[ 2023-01-18 15:18:08,081 ] 64 root - INFO - train score:0.9999821908781678 and tests score 0.9699970870958345
[ 2023-01-18 15:18:08,082 ] 66 root - INFO - Checking if our model is underfitting or not
[ 2023-01-18 15:18:08,082 ] 71 root - INFO - Checking if our model is overfiiting or not
[ 2023-01-18 15:18:08,083 ] 78 root - INFO - Saving mode object
[ 2023-01-18 15:18:08,083 ] 54 root - INFO - Entered the save_object method of utils
[ 2023-01-18 15:18:08,101 ] 58 root - INFO - Exited the save_object method of utils
[ 2023-01-18 15:18:08,101 ] 82 root - INFO - Prepare the artifact
[ 2023-01-18 15:18:08,102 ] 85 root - INFO - Model trainer artifact: ModelTrainerArtifact(model_path='C:\\Users\\Shristi\\Desktop\\Data Science\\project\\aps-fault-detection\\artifact\\01182023__151431\\model_trainer\\model\\model.pkl', f1_train_score=0.9999821908781678, f1_test_score=0.9699970870958345)
[ 2023-01-18 15:18:08,122 ] 19 root - INFO - >>>>>>>>>>>>>>>>>>>>>>>>>>>>>>>>>>>>>>>>  Model Evaluation <<<<<<<<<<<<<<<<<<<<<<<<<<<<<<<<<<<<<<<<
[ 2023-01-18 15:18:08,123 ] 35 root - INFO - if saved model folder has model the we will compare which model is best trained or the model from saved model folder
[ 2023-01-18 15:18:08,124 ] 41 root - INFO - Model evaluation artifact: ModelEvaluationArtifact(is_model_accepted=True, improved_accuracy=None)
[ 2023-01-18 15:18:08,124 ] 14 root - INFO - >>>>>>>>>>>>>>>>>>>>>>>>>>>>>>>>>>>>>>>> Data Transformation <<<<<<<<<<<<<<<<<<<<<<<<<<<<<<<<<<<<<<<<
[ 2023-01-18 15:18:08,125 ] 25 root - INFO - Loading transformer model and target encoder
[ 2023-01-18 15:18:08,207 ] 31 root - INFO - Saving model into model pusher directory
[ 2023-01-18 15:18:08,207 ] 54 root - INFO - Entered the save_object method of utils
[ 2023-01-18 15:18:08,218 ] 58 root - INFO - Exited the save_object method of utils
[ 2023-01-18 15:18:08,218 ] 54 root - INFO - Entered the save_object method of utils
[ 2023-01-18 15:18:08,234 ] 58 root - INFO - Exited the save_object method of utils
[ 2023-01-18 15:18:08,235 ] 54 root - INFO - Entered the save_object method of utils
[ 2023-01-18 15:18:08,239 ] 58 root - INFO - Exited the save_object method of utils
[ 2023-01-18 15:18:08,239 ] 38 root - INFO - Saving model in saved model dir
[ 2023-01-18 15:18:08,240 ] 54 root - INFO - Entered the save_object method of utils
[ 2023-01-18 15:18:08,250 ] 58 root - INFO - Exited the save_object method of utils
[ 2023-01-18 15:18:08,251 ] 54 root - INFO - Entered the save_object method of utils
[ 2023-01-18 15:18:08,267 ] 58 root - INFO - Exited the save_object method of utils
[ 2023-01-18 15:18:08,267 ] 54 root - INFO - Entered the save_object method of utils
[ 2023-01-18 15:18:08,271 ] 58 root - INFO - Exited the save_object method of utils
[ 2023-01-18 15:18:08,271 ] 49 root - INFO - Model pusher artifact: ModelPusherArtifact(pusher_model_dir='C:\\Users\\Shristi\\Desktop\\Data Science\\project\\aps-fault-detection\\artifact\\01182023__151431\\model_pusher\\saved_models', saved_model_dir='saved_models')
